<?xml version="1.0" encoding="UTF-8"?>
<!-- Generated by org.testng.reporters.JUnitXMLReporter -->
<testsuite hostname="LAPTOP-FT365J0R" failures="0" tests="5" name="Default test" time="26.655" errors="0" timestamp="28 Apr 2022 16:35:00 GMT">
  <testcase classname="POM_Model.TestExecution" name="verify_browser" time="4.31"/>
  <testcase classname="POM_Model.TestExecution" name="verify_Search" time="13.985"/>
  <testcase classname="POM_Model.TestExecution" name="verify_date" time="3.939"/>
  <testcase classname="POM_Model.TestExecution" name="verify_book" time="3.299"/>
  <testcase classname="POM_Model.TestExecution" name="verify_continue" time="1.104"/>
</testsuite> <!-- Default test -->
