<?xml version="1.0" encoding="UTF-8"?>
<testng-results total="2" passed="2" failed="0" skipped="0">
  <reporter-output>
  </reporter-output>
  <suite started-at="2022-04-28T12:15:53Z" name="Default suite" finished-at="2022-04-28T12:16:11Z" duration-ms="18619">
    <groups>
    </groups>
    <test started-at="2022-04-28T12:15:53Z" name="Default test" finished-at="2022-04-28T12:16:11Z" duration-ms="18619">
      <class name="POM_Model.TestExecution">
        <test-method signature="verify_browser()[pri:0, instance:POM_Model.TestExecution@1ae8bcbc]" started-at="2022-04-28T17:45:53Z" name="verify_browser" finished-at="2022-04-28T17:45:58Z" duration-ms="4639" status="PASS">
          <reporter-output>
          </reporter-output>
        </test-method> <!-- verify_browser -->
        <test-method signature="verify_Search()[pri:1, instance:POM_Model.TestExecution@1ae8bcbc]" started-at="2022-04-28T17:45:58Z" name="verify_Search" finished-at="2022-04-28T17:46:11Z" duration-ms="13966" status="PASS">
          <reporter-output>
          </reporter-output>
        </test-method> <!-- verify_Search -->
      </class> <!-- POM_Model.TestExecution -->
    </test> <!-- Default test -->
  </suite> <!-- Default suite -->
</testng-results>
