<?xml version="1.0" encoding="UTF-8"?>
<testng-results total="5" passed="5" failed="0" skipped="0">
  <reporter-output>
  </reporter-output>
  <suite started-at="2022-04-28T16:34:33Z" name="Default suite" finished-at="2022-04-28T16:35:00Z" duration-ms="26655">
    <groups>
    </groups>
    <test started-at="2022-04-28T16:34:33Z" name="Default test" finished-at="2022-04-28T16:35:00Z" duration-ms="26655">
      <class name="POM_Model.TestExecution">
        <test-method signature="verify_browser()[pri:0, instance:POM_Model.TestExecution@4e31276e]" started-at="2022-04-28T22:04:33Z" name="verify_browser" finished-at="2022-04-28T22:04:38Z" duration-ms="4310" status="PASS">
          <reporter-output>
          </reporter-output>
        </test-method> <!-- verify_browser -->
        <test-method signature="verify_Search()[pri:1, instance:POM_Model.TestExecution@4e31276e]" started-at="2022-04-28T22:04:38Z" name="verify_Search" finished-at="2022-04-28T22:04:52Z" duration-ms="13985" status="PASS">
          <reporter-output>
          </reporter-output>
        </test-method> <!-- verify_Search -->
        <test-method signature="verify_date()[pri:2, instance:POM_Model.TestExecution@4e31276e]" started-at="2022-04-28T22:04:52Z" name="verify_date" finished-at="2022-04-28T22:04:56Z" duration-ms="3939" status="PASS">
          <reporter-output>
          </reporter-output>
        </test-method> <!-- verify_date -->
        <test-method signature="verify_book()[pri:3, instance:POM_Model.TestExecution@4e31276e]" started-at="2022-04-28T22:04:56Z" name="verify_book" finished-at="2022-04-28T22:04:59Z" duration-ms="3299" status="PASS">
          <reporter-output>
          </reporter-output>
        </test-method> <!-- verify_book -->
        <test-method signature="verify_continue()[pri:4, instance:POM_Model.TestExecution@4e31276e]" started-at="2022-04-28T22:04:59Z" name="verify_continue" finished-at="2022-04-28T22:05:00Z" duration-ms="1104" status="PASS">
          <reporter-output>
          </reporter-output>
        </test-method> <!-- verify_continue -->
      </class> <!-- POM_Model.TestExecution -->
    </test> <!-- Default test -->
  </suite> <!-- Default suite -->
</testng-results>
